2017-07-17 12:47:06,166 [Worker-25] INFO  o.e.m.c.i.e.AbstractTransferListenerAdapter - Downloaded file:///C:/Users/Ricardo/.m2/repository/org/apache/maven/archetypes/maven-archetype-quickstart/1.1/maven-archetype-quickstart-1.1.jar
2017-07-17 12:47:06,187 [Worker-25] INFO  o.e.m.c.i.e.AbstractTransferListenerAdapter - Downloaded file:///C:/Users/Ricardo/.m2/repository/org/apache/maven/archetypes/maven-archetype-quickstart/1.1/maven-archetype-quickstart-1.1.pom
2017-07-17 12:47:06,298 [Worker-25] INFO  o.e.m.c.i.p.ProjectConfigurationManager - Collecting project info '/pom.xml' D:\Shared\MyFiles\Actibyti\Empleabilidad\trunk\M3\U14\workspace\HelloSpring\pom.xml
2017-07-17 12:47:07,762 [Worker-25] INFO  o.e.m.c.i.l.LifecycleMappingFactory - Using org.eclipse.m2e.jdt.JarLifecycleMapping lifecycle mapping for MavenProject: Netmind:HelloSpring:0.0.1-SNAPSHOT @ D:\Shared\MyFiles\Actibyti\Empleabilidad\trunk\M3\U14\workspace\HelloSpring\pom.xml.
2017-07-17 12:47:09,031 [Worker-25] INFO  o.e.m.j.i.AbstractJavaProjectConfigurator - Adding source folder /HelloSpring/src/main/java
2017-07-17 12:47:09,042 [Worker-25] INFO  o.e.m.j.i.AbstractJavaProjectConfigurator - Adding source folder /HelloSpring/src/test/java
2017-07-17 12:47:09,250 [Worker-25] INFO  o.e.m.c.i.p.ProjectConfigurationManager - Imported and configured 1 project(s) in 2 sec
2017-07-17 12:47:09,665 [Worker-19] INFO  o.e.m.c.i.embedder.EclipseLogger - Using 'UTF-8' encoding to copy filtered resources.
2017-07-17 12:47:09,666 [Worker-19] INFO  o.e.m.c.i.embedder.EclipseLogger - skip non existing resourceDirectory D:\Shared\MyFiles\Actibyti\Empleabilidad\trunk\M3\U14\workspace\HelloSpring\src\main\resources
2017-07-17 12:47:09,669 [Worker-19] INFO  o.e.m.c.i.embedder.EclipseLogger - Using 'UTF-8' encoding to copy filtered resources.
2017-07-17 12:47:09,670 [Worker-19] INFO  o.e.m.c.i.embedder.EclipseLogger - skip non existing resourceDirectory D:\Shared\MyFiles\Actibyti\Empleabilidad\trunk\M3\U14\workspace\HelloSpring\src\test\resources
2017-07-17 12:47:57,427 [Worker-27] INFO  o.e.m.c.i.l.LifecycleMappingFactory - Using org.eclipse.m2e.jdt.JarLifecycleMapping lifecycle mapping for MavenProject: Netmind:HelloSpring:0.0.1-SNAPSHOT @ D:\Shared\MyFiles\Actibyti\Empleabilidad\trunk\M3\U14\workspace\HelloSpring\pom.xml.
2017-07-17 12:47:57,856 [Worker-27] INFO  o.e.m.c.i.embedder.EclipseLogger - Using 'UTF-8' encoding to copy filtered resources.
2017-07-17 12:47:57,856 [Worker-27] INFO  o.e.m.c.i.embedder.EclipseLogger - skip non existing resourceDirectory D:\Shared\MyFiles\Actibyti\Empleabilidad\trunk\M3\U14\workspace\HelloSpring\src\main\resources
2017-07-17 12:47:57,859 [Worker-27] INFO  o.e.m.c.i.embedder.EclipseLogger - Using 'UTF-8' encoding to copy filtered resources.
2017-07-17 12:47:57,859 [Worker-27] INFO  o.e.m.c.i.embedder.EclipseLogger - skip non existing resourceDirectory D:\Shared\MyFiles\Actibyti\Empleabilidad\trunk\M3\U14\workspace\HelloSpring\src\test\resources
2017-07-17 12:48:26,953 [Worker-24] INFO  o.e.m.c.i.embedder.EclipseLogger - Using 'UTF-8' encoding to copy filtered resources.
2017-07-17 12:48:26,953 [Worker-24] INFO  o.e.m.c.i.embedder.EclipseLogger - skip non existing resourceDirectory D:\Shared\MyFiles\Actibyti\Empleabilidad\trunk\M3\U14\workspace\HelloSpring\src\main\resources
2017-07-17 12:48:26,958 [Worker-24] INFO  o.e.m.c.i.embedder.EclipseLogger - Using 'UTF-8' encoding to copy filtered resources.
2017-07-17 12:48:26,958 [Worker-24] INFO  o.e.m.c.i.embedder.EclipseLogger - skip non existing resourceDirectory D:\Shared\MyFiles\Actibyti\Empleabilidad\trunk\M3\U14\workspace\HelloSpring\src\test\resources
2017-07-17 12:48:50,960 [Worker-24] INFO  o.e.m.c.i.embedder.EclipseLogger - Using 'UTF-8' encoding to copy filtered resources.
2017-07-17 12:48:50,960 [Worker-24] INFO  o.e.m.c.i.embedder.EclipseLogger - skip non existing resourceDirectory D:\Shared\MyFiles\Actibyti\Empleabilidad\trunk\M3\U14\workspace\HelloSpring\src\main\resources
2017-07-17 12:48:50,962 [Worker-24] INFO  o.e.m.c.i.embedder.EclipseLogger - Using 'UTF-8' encoding to copy filtered resources.
2017-07-17 12:48:50,962 [Worker-24] INFO  o.e.m.c.i.embedder.EclipseLogger - skip non existing resourceDirectory D:\Shared\MyFiles\Actibyti\Empleabilidad\trunk\M3\U14\workspace\HelloSpring\src\test\resources
2017-07-17 12:49:20,331 [Worker-25] INFO  o.e.m.c.i.embedder.EclipseLogger - Using 'UTF-8' encoding to copy filtered resources.
2017-07-17 12:49:20,331 [Worker-25] INFO  o.e.m.c.i.embedder.EclipseLogger - skip non existing resourceDirectory D:\Shared\MyFiles\Actibyti\Empleabilidad\trunk\M3\U14\workspace\HelloSpring\src\main\resources
2017-07-17 12:49:20,333 [Worker-25] INFO  o.e.m.c.i.embedder.EclipseLogger - Using 'UTF-8' encoding to copy filtered resources.
2017-07-17 12:49:20,333 [Worker-25] INFO  o.e.m.c.i.embedder.EclipseLogger - skip non existing resourceDirectory D:\Shared\MyFiles\Actibyti\Empleabilidad\trunk\M3\U14\workspace\HelloSpring\src\test\resources
2017-07-17 12:49:52,623 [Worker-26] INFO  o.e.m.c.i.embedder.EclipseLogger - Using 'UTF-8' encoding to copy filtered resources.
2017-07-17 12:49:52,664 [Worker-26] INFO  o.e.m.c.i.embedder.EclipseLogger - Copying 0 resource
2017-07-17 12:49:52,669 [Worker-26] INFO  o.e.m.c.i.embedder.EclipseLogger - Using 'UTF-8' encoding to copy filtered resources.
2017-07-17 12:49:52,669 [Worker-26] INFO  o.e.m.c.i.embedder.EclipseLogger - skip non existing resourceDirectory D:\Shared\MyFiles\Actibyti\Empleabilidad\trunk\M3\U14\workspace\HelloSpring\src\test\resources
2017-07-17 12:50:08,685 [Worker-24] INFO  o.e.m.c.i.embedder.EclipseLogger - Using 'UTF-8' encoding to copy filtered resources.
2017-07-17 12:50:08,686 [Worker-24] INFO  o.e.m.c.i.embedder.EclipseLogger - Copying 1 resource
2017-07-17 12:50:08,708 [Worker-24] INFO  o.e.m.c.i.embedder.EclipseLogger - Using 'UTF-8' encoding to copy filtered resources.
2017-07-17 12:50:08,708 [Worker-24] INFO  o.e.m.c.i.embedder.EclipseLogger - skip non existing resourceDirectory D:\Shared\MyFiles\Actibyti\Empleabilidad\trunk\M3\U14\workspace\HelloSpring\src\test\resources
2017-07-17 12:50:14,832 [Worker-19] INFO  o.e.m.c.i.embedder.EclipseLogger - Using 'UTF-8' encoding to copy filtered resources.
2017-07-17 12:50:14,835 [Worker-19] INFO  o.e.m.c.i.embedder.EclipseLogger - Copying 1 resource
2017-07-17 12:50:14,846 [Worker-19] INFO  o.e.m.c.i.embedder.EclipseLogger - Using 'UTF-8' encoding to copy filtered resources.
2017-07-17 12:50:14,846 [Worker-19] INFO  o.e.m.c.i.embedder.EclipseLogger - skip non existing resourceDirectory D:\Shared\MyFiles\Actibyti\Empleabilidad\trunk\M3\U14\workspace\HelloSpring\src\test\resources
2017-07-17 12:51:51,196 [Worker-27] INFO  o.e.m.c.i.embedder.EclipseLogger - Using 'UTF-8' encoding to copy filtered resources.
2017-07-17 12:51:51,197 [Worker-27] INFO  o.e.m.c.i.embedder.EclipseLogger - Copying 1 resource
2017-07-17 12:51:51,206 [Worker-27] INFO  o.e.m.c.i.embedder.EclipseLogger - Using 'UTF-8' encoding to copy filtered resources.
2017-07-17 12:51:51,207 [Worker-27] INFO  o.e.m.c.i.embedder.EclipseLogger - skip non existing resourceDirectory D:\Shared\MyFiles\Actibyti\Empleabilidad\trunk\M3\U14\workspace\HelloSpring\src\test\resources
2017-07-17 12:51:56,155 [Worker-19] INFO  o.e.m.c.i.embedder.EclipseLogger - Using 'UTF-8' encoding to copy filtered resources.
2017-07-17 12:51:56,155 [Worker-19] INFO  o.e.m.c.i.embedder.EclipseLogger - Copying 1 resource
2017-07-17 12:51:56,159 [Worker-19] INFO  o.e.m.c.i.embedder.EclipseLogger - Using 'UTF-8' encoding to copy filtered resources.
2017-07-17 12:51:56,159 [Worker-19] INFO  o.e.m.c.i.embedder.EclipseLogger - skip non existing resourceDirectory D:\Shared\MyFiles\Actibyti\Empleabilidad\trunk\M3\U14\workspace\HelloSpring\src\test\resources
2017-07-17 12:52:14,731 [Worker-19] INFO  o.e.m.c.i.embedder.EclipseLogger - Using 'UTF-8' encoding to copy filtered resources.
2017-07-17 12:52:14,736 [Worker-19] INFO  o.e.m.c.i.embedder.EclipseLogger - Copying 1 resource
2017-07-17 12:52:14,738 [Worker-19] INFO  o.e.m.c.i.embedder.EclipseLogger - Using 'UTF-8' encoding to copy filtered resources.
2017-07-17 12:52:14,738 [Worker-19] INFO  o.e.m.c.i.embedder.EclipseLogger - skip non existing resourceDirectory D:\Shared\MyFiles\Actibyti\Empleabilidad\trunk\M3\U14\workspace\HelloSpring\src\test\resources
2017-07-17 12:52:32,387 [Worker-17] INFO  o.e.m.c.i.embedder.EclipseLogger - Using 'UTF-8' encoding to copy filtered resources.
2017-07-17 12:52:32,390 [Worker-17] INFO  o.e.m.c.i.embedder.EclipseLogger - Copying 1 resource
2017-07-17 12:52:32,395 [Worker-17] INFO  o.e.m.c.i.embedder.EclipseLogger - Using 'UTF-8' encoding to copy filtered resources.
2017-07-17 12:52:32,396 [Worker-17] INFO  o.e.m.c.i.embedder.EclipseLogger - skip non existing resourceDirectory D:\Shared\MyFiles\Actibyti\Empleabilidad\trunk\M3\U14\workspace\HelloSpring\src\test\resources
2017-07-17 12:52:33,845 [Worker-19] INFO  o.e.m.c.i.embedder.EclipseLogger - Using 'UTF-8' encoding to copy filtered resources.
2017-07-17 12:52:33,847 [Worker-19] INFO  o.e.m.c.i.embedder.EclipseLogger - Copying 1 resource
2017-07-17 12:52:33,852 [Worker-19] INFO  o.e.m.c.i.embedder.EclipseLogger - Using 'UTF-8' encoding to copy filtered resources.
2017-07-17 12:52:33,853 [Worker-19] INFO  o.e.m.c.i.embedder.EclipseLogger - skip non existing resourceDirectory D:\Shared\MyFiles\Actibyti\Empleabilidad\trunk\M3\U14\workspace\HelloSpring\src\test\resources
2017-07-17 12:52:51,675 [Worker-17] INFO  o.e.m.c.i.embedder.EclipseLogger - Using 'UTF-8' encoding to copy filtered resources.
2017-07-17 12:52:51,676 [Worker-17] INFO  o.e.m.c.i.embedder.EclipseLogger - Copying 1 resource
2017-07-17 12:52:51,678 [Worker-17] INFO  o.e.m.c.i.embedder.EclipseLogger - Using 'UTF-8' encoding to copy filtered resources.
2017-07-17 12:52:51,679 [Worker-17] INFO  o.e.m.c.i.embedder.EclipseLogger - skip non existing resourceDirectory D:\Shared\MyFiles\Actibyti\Empleabilidad\trunk\M3\U14\workspace\HelloSpring\src\test\resources
2017-07-17 12:53:00,598 [Worker-17] INFO  o.e.m.c.i.embedder.EclipseLogger - Using 'UTF-8' encoding to copy filtered resources.
2017-07-17 12:53:00,599 [Worker-17] INFO  o.e.m.c.i.embedder.EclipseLogger - Copying 1 resource
2017-07-17 12:53:00,602 [Worker-17] INFO  o.e.m.c.i.embedder.EclipseLogger - Using 'UTF-8' encoding to copy filtered resources.
2017-07-17 12:53:00,603 [Worker-17] INFO  o.e.m.c.i.embedder.EclipseLogger - skip non existing resourceDirectory D:\Shared\MyFiles\Actibyti\Empleabilidad\trunk\M3\U14\workspace\HelloSpring\src\test\resources
2017-07-17 12:53:07,083 [Worker-24] INFO  o.e.m.c.i.embedder.EclipseLogger - Using 'UTF-8' encoding to copy filtered resources.
2017-07-17 12:53:07,086 [Worker-24] INFO  o.e.m.c.i.embedder.EclipseLogger - Copying 1 resource
2017-07-17 12:53:07,094 [Worker-24] INFO  o.e.m.c.i.embedder.EclipseLogger - Using 'UTF-8' encoding to copy filtered resources.
2017-07-17 12:53:07,095 [Worker-24] INFO  o.e.m.c.i.embedder.EclipseLogger - skip non existing resourceDirectory D:\Shared\MyFiles\Actibyti\Empleabilidad\trunk\M3\U14\workspace\HelloSpring\src\test\resources
2017-07-17 12:53:43,887 [main] INFO  o.e.m2e.actions.ExecutePomAction - Creating new launch configuration
2017-07-17 12:53:49,929 [Worker-24] INFO  o.e.m.i.launch.MavenLaunchDelegate - D:\Shared\MyFiles\Actibyti\Empleabilidad\trunk\M3\U14\workspace\HelloSpring
2017-07-17 12:53:49,930 [Worker-24] INFO  o.e.m.i.launch.MavenLaunchDelegate -  mvn -B clean install
2017-07-17 12:54:24,575 [Worker-28] INFO  o.e.m.c.i.l.LifecycleMappingFactory - Using org.eclipse.m2e.jdt.JarLifecycleMapping lifecycle mapping for MavenProject: Netmind:HelloSpring:0.0.1-SNAPSHOT @ D:\Shared\MyFiles\Actibyti\Empleabilidad\trunk\M3\U14\workspace\HelloSpring\pom.xml.
2017-07-17 12:54:26,399 [Worker-28] INFO  o.e.m.c.i.e.AbstractTransferListenerAdapter - Downloading https://repo.maven.apache.org/maven2/org/springframework/spring-context/4.3.9.RELEASE/spring-context-4.3.9.RELEASE.pom
2017-07-17 12:54:26,558 [Worker-28] INFO  o.e.m.c.i.e.AbstractTransferListenerAdapter - Downloaded https://repo.maven.apache.org/maven2/org/springframework/spring-context/4.3.9.RELEASE/spring-context-4.3.9.RELEASE.pom
2017-07-17 12:54:26,646 [Worker-28] INFO  o.e.m.c.i.e.AbstractTransferListenerAdapter - Downloading https://repo.maven.apache.org/maven2/org/springframework/spring-aop/4.3.9.RELEASE/spring-aop-4.3.9.RELEASE.pom
2017-07-17 12:54:26,718 [Worker-28] INFO  o.e.m.c.i.e.AbstractTransferListenerAdapter - Downloaded https://repo.maven.apache.org/maven2/org/springframework/spring-aop/4.3.9.RELEASE/spring-aop-4.3.9.RELEASE.pom
2017-07-17 12:54:26,829 [Worker-28] INFO  o.e.m.c.i.e.AbstractTransferListenerAdapter - Downloading https://repo.maven.apache.org/maven2/org/springframework/spring-beans/4.3.9.RELEASE/spring-beans-4.3.9.RELEASE.pom
2017-07-17 12:54:26,916 [Worker-28] INFO  o.e.m.c.i.e.AbstractTransferListenerAdapter - Downloaded https://repo.maven.apache.org/maven2/org/springframework/spring-beans/4.3.9.RELEASE/spring-beans-4.3.9.RELEASE.pom
2017-07-17 12:54:27,024 [Worker-28] INFO  o.e.m.c.i.e.AbstractTransferListenerAdapter - Downloading https://repo.maven.apache.org/maven2/org/springframework/spring-core/4.3.9.RELEASE/spring-core-4.3.9.RELEASE.pom
2017-07-17 12:54:27,106 [Worker-28] INFO  o.e.m.c.i.e.AbstractTransferListenerAdapter - Downloaded https://repo.maven.apache.org/maven2/org/springframework/spring-core/4.3.9.RELEASE/spring-core-4.3.9.RELEASE.pom
2017-07-17 12:54:27,324 [Worker-28] INFO  o.e.m.c.i.e.AbstractTransferListenerAdapter - Downloading https://repo.maven.apache.org/maven2/org/springframework/spring-expression/4.3.9.RELEASE/spring-expression-4.3.9.RELEASE.pom
2017-07-17 12:54:27,426 [Worker-28] INFO  o.e.m.c.i.e.AbstractTransferListenerAdapter - Downloaded https://repo.maven.apache.org/maven2/org/springframework/spring-expression/4.3.9.RELEASE/spring-expression-4.3.9.RELEASE.pom
2017-07-17 12:54:27,559 [Worker-28] INFO  o.e.m.c.i.e.AbstractTransferListenerAdapter - Downloading https://repo.maven.apache.org/maven2/org/springframework/spring-context/4.3.9.RELEASE/spring-context-4.3.9.RELEASE.jar
2017-07-17 12:54:29,493 [Worker-28] INFO  o.e.m.c.i.e.AbstractTransferListenerAdapter - Downloaded https://repo.maven.apache.org/maven2/org/springframework/spring-context/4.3.9.RELEASE/spring-context-4.3.9.RELEASE.jar
2017-07-17 12:54:29,550 [Worker-28] INFO  o.e.m.c.i.e.AbstractTransferListenerAdapter - Downloading https://repo.maven.apache.org/maven2/org/springframework/spring-aop/4.3.9.RELEASE/spring-aop-4.3.9.RELEASE.jar
2017-07-17 12:54:30,408 [Worker-28] INFO  o.e.m.c.i.e.AbstractTransferListenerAdapter - Downloaded https://repo.maven.apache.org/maven2/org/springframework/spring-aop/4.3.9.RELEASE/spring-aop-4.3.9.RELEASE.jar
2017-07-17 12:54:30,568 [Worker-28] INFO  o.e.m.c.i.e.AbstractTransferListenerAdapter - Downloading https://repo.maven.apache.org/maven2/org/springframework/spring-beans/4.3.9.RELEASE/spring-beans-4.3.9.RELEASE.jar
2017-07-17 12:54:32,257 [Worker-28] INFO  o.e.m.c.i.e.AbstractTransferListenerAdapter - Downloaded https://repo.maven.apache.org/maven2/org/springframework/spring-beans/4.3.9.RELEASE/spring-beans-4.3.9.RELEASE.jar
2017-07-17 12:54:32,390 [Worker-28] INFO  o.e.m.c.i.e.AbstractTransferListenerAdapter - Downloading https://repo.maven.apache.org/maven2/org/springframework/spring-core/4.3.9.RELEASE/spring-core-4.3.9.RELEASE.jar
2017-07-17 12:54:34,223 [Worker-28] INFO  o.e.m.c.i.e.AbstractTransferListenerAdapter - Downloaded https://repo.maven.apache.org/maven2/org/springframework/spring-core/4.3.9.RELEASE/spring-core-4.3.9.RELEASE.jar
2017-07-17 12:54:34,297 [Worker-28] INFO  o.e.m.c.i.e.AbstractTransferListenerAdapter - Downloading https://repo.maven.apache.org/maven2/org/springframework/spring-expression/4.3.9.RELEASE/spring-expression-4.3.9.RELEASE.jar
2017-07-17 12:54:34,809 [Worker-28] INFO  o.e.m.c.i.e.AbstractTransferListenerAdapter - Downloaded https://repo.maven.apache.org/maven2/org/springframework/spring-expression/4.3.9.RELEASE/spring-expression-4.3.9.RELEASE.jar
2017-07-17 12:54:36,713 [Worker-28] INFO  o.e.m.c.i.embedder.EclipseLogger - Using 'UTF-8' encoding to copy filtered resources.
2017-07-17 12:54:36,715 [Worker-28] INFO  o.e.m.c.i.embedder.EclipseLogger - Copying 0 resource
2017-07-17 12:54:36,717 [Worker-28] INFO  o.e.m.c.i.embedder.EclipseLogger - Using 'UTF-8' encoding to copy filtered resources.
2017-07-17 12:54:36,717 [Worker-28] INFO  o.e.m.c.i.embedder.EclipseLogger - skip non existing resourceDirectory D:\Shared\MyFiles\Actibyti\Empleabilidad\trunk\M3\U14\workspace\HelloSpring\src\test\resources
2017-07-17 12:54:38,157 [Worker-24] INFO  o.e.m.c.i.l.LifecycleMappingFactory - Using org.eclipse.m2e.jdt.JarLifecycleMapping lifecycle mapping for MavenProject: Netmind:HelloSpring:0.0.1-SNAPSHOT @ D:\Shared\MyFiles\Actibyti\Empleabilidad\trunk\M3\U14\workspace\HelloSpring\pom.xml.
2017-07-17 12:54:38,801 [Worker-24] INFO  o.e.m.c.i.embedder.EclipseLogger - Using 'UTF-8' encoding to copy filtered resources.
2017-07-17 12:54:38,805 [Worker-24] INFO  o.e.m.c.i.embedder.EclipseLogger - Copying 1 resource
2017-07-17 12:54:38,826 [Worker-24] INFO  o.e.m.c.i.embedder.EclipseLogger - Using 'UTF-8' encoding to copy filtered resources.
2017-07-17 12:54:38,826 [Worker-24] INFO  o.e.m.c.i.embedder.EclipseLogger - skip non existing resourceDirectory D:\Shared\MyFiles\Actibyti\Empleabilidad\trunk\M3\U14\workspace\HelloSpring\src\test\resources
2017-07-17 12:55:04,880 [Worker-28] INFO  o.e.m.c.i.embedder.EclipseLogger - Using 'UTF-8' encoding to copy filtered resources.
2017-07-17 12:55:04,881 [Worker-28] INFO  o.e.m.c.i.embedder.EclipseLogger - Copying 1 resource
2017-07-17 12:55:04,883 [Worker-28] INFO  o.e.m.c.i.embedder.EclipseLogger - Using 'UTF-8' encoding to copy filtered resources.
2017-07-17 12:55:04,884 [Worker-28] INFO  o.e.m.c.i.embedder.EclipseLogger - skip non existing resourceDirectory D:\Shared\MyFiles\Actibyti\Empleabilidad\trunk\M3\U14\workspace\HelloSpring\src\test\resources
2017-07-17 12:55:14,638 [Worker-17] INFO  o.e.m.c.i.embedder.EclipseLogger - Using 'UTF-8' encoding to copy filtered resources.
2017-07-17 12:55:14,640 [Worker-17] INFO  o.e.m.c.i.embedder.EclipseLogger - Copying 1 resource
2017-07-17 12:55:14,643 [Worker-17] INFO  o.e.m.c.i.embedder.EclipseLogger - Using 'UTF-8' encoding to copy filtered resources.
2017-07-17 12:55:14,643 [Worker-17] INFO  o.e.m.c.i.embedder.EclipseLogger - skip non existing resourceDirectory D:\Shared\MyFiles\Actibyti\Empleabilidad\trunk\M3\U14\workspace\HelloSpring\src\test\resources
2017-07-17 12:56:33,945 [Worker-28] INFO  o.e.m.c.i.embedder.EclipseLogger - Using 'UTF-8' encoding to copy filtered resources.
2017-07-17 12:56:33,947 [Worker-28] INFO  o.e.m.c.i.embedder.EclipseLogger - Copying 1 resource
2017-07-17 12:56:33,949 [Worker-28] INFO  o.e.m.c.i.embedder.EclipseLogger - Using 'UTF-8' encoding to copy filtered resources.
2017-07-17 12:56:33,949 [Worker-28] INFO  o.e.m.c.i.embedder.EclipseLogger - skip non existing resourceDirectory D:\Shared\MyFiles\Actibyti\Empleabilidad\trunk\M3\U14\workspace\HelloSpring\src\test\resources
2017-07-17 12:57:14,307 [Worker-29] INFO  o.e.m.c.i.embedder.EclipseLogger - Using 'UTF-8' encoding to copy filtered resources.
2017-07-17 12:57:14,308 [Worker-29] INFO  o.e.m.c.i.embedder.EclipseLogger - Copying 1 resource
2017-07-17 12:57:14,310 [Worker-29] INFO  o.e.m.c.i.embedder.EclipseLogger - Using 'UTF-8' encoding to copy filtered resources.
2017-07-17 12:57:14,311 [Worker-29] INFO  o.e.m.c.i.embedder.EclipseLogger - skip non existing resourceDirectory D:\Shared\MyFiles\Actibyti\Empleabilidad\trunk\M3\U14\workspace\HelloSpring\src\test\resources
2017-07-17 12:57:17,503 [Worker-29] INFO  o.e.m.c.i.embedder.EclipseLogger - Using 'UTF-8' encoding to copy filtered resources.
2017-07-17 12:57:17,504 [Worker-29] INFO  o.e.m.c.i.embedder.EclipseLogger - Copying 0 resource
2017-07-17 12:57:17,505 [Worker-29] INFO  o.e.m.c.i.embedder.EclipseLogger - Using 'UTF-8' encoding to copy filtered resources.
2017-07-17 12:57:17,506 [Worker-29] INFO  o.e.m.c.i.embedder.EclipseLogger - skip non existing resourceDirectory D:\Shared\MyFiles\Actibyti\Empleabilidad\trunk\M3\U14\workspace\HelloSpring\src\test\resources
2017-07-17 12:57:20,854 [Worker-28] INFO  o.e.m.c.i.embedder.EclipseLogger - Using 'UTF-8' encoding to copy filtered resources.
2017-07-17 12:57:20,854 [Worker-28] INFO  o.e.m.c.i.embedder.EclipseLogger - skip non existing resourceDirectory D:\Shared\MyFiles\Actibyti\Empleabilidad\trunk\M3\U14\workspace\HelloSpring\src\main\resources
2017-07-17 12:57:20,856 [Worker-28] INFO  o.e.m.c.i.embedder.EclipseLogger - Using 'UTF-8' encoding to copy filtered resources.
2017-07-17 12:57:20,856 [Worker-28] INFO  o.e.m.c.i.embedder.EclipseLogger - skip non existing resourceDirectory D:\Shared\MyFiles\Actibyti\Empleabilidad\trunk\M3\U14\workspace\HelloSpring\src\test\resources
2017-07-17 12:57:35,555 [Worker-24] INFO  o.e.m.c.i.embedder.EclipseLogger - Using 'UTF-8' encoding to copy filtered resources.
2017-07-17 12:57:35,556 [Worker-24] INFO  o.e.m.c.i.embedder.EclipseLogger - skip non existing resourceDirectory D:\Shared\MyFiles\Actibyti\Empleabilidad\trunk\M3\U14\workspace\HelloSpring\src\main\resources
2017-07-17 12:57:35,559 [Worker-24] INFO  o.e.m.c.i.embedder.EclipseLogger - Using 'UTF-8' encoding to copy filtered resources.
2017-07-17 12:57:35,560 [Worker-24] INFO  o.e.m.c.i.embedder.EclipseLogger - skip non existing resourceDirectory D:\Shared\MyFiles\Actibyti\Empleabilidad\trunk\M3\U14\workspace\HelloSpring\src\test\resources
2017-07-17 12:58:06,603 [main] INFO  o.e.m2e.actions.ExecutePomAction - Using existing launch configuration
2017-07-17 12:58:06,668 [Worker-26] INFO  o.e.m.i.launch.MavenLaunchDelegate - D:\Shared\MyFiles\Actibyti\Empleabilidad\trunk\M3\U14\workspace\HelloSpring
2017-07-17 12:58:06,668 [Worker-26] INFO  o.e.m.i.launch.MavenLaunchDelegate -  mvn -B clean install
2017-07-17 12:59:42,439 [Worker-17] INFO  o.e.m.c.i.embedder.EclipseLogger - Using 'UTF-8' encoding to copy filtered resources.
2017-07-17 12:59:42,439 [Worker-17] INFO  o.e.m.c.i.embedder.EclipseLogger - skip non existing resourceDirectory D:\Shared\MyFiles\Actibyti\Empleabilidad\trunk\M3\U14\workspace\HelloSpring\src\main\resources
2017-07-17 12:59:42,440 [Worker-17] INFO  o.e.m.c.i.embedder.EclipseLogger - Using 'UTF-8' encoding to copy filtered resources.
2017-07-17 12:59:42,441 [Worker-17] INFO  o.e.m.c.i.embedder.EclipseLogger - skip non existing resourceDirectory D:\Shared\MyFiles\Actibyti\Empleabilidad\trunk\M3\U14\workspace\HelloSpring\src\test\resources
2017-07-17 12:59:43,482 [Worker-24] INFO  o.e.m.c.i.embedder.EclipseLogger - Using 'UTF-8' encoding to copy filtered resources.
2017-07-17 12:59:43,482 [Worker-24] INFO  o.e.m.c.i.embedder.EclipseLogger - skip non existing resourceDirectory D:\Shared\MyFiles\Actibyti\Empleabilidad\trunk\M3\U14\workspace\HelloSpring\src\main\resources
2017-07-17 12:59:43,483 [Worker-24] INFO  o.e.m.c.i.embedder.EclipseLogger - Using 'UTF-8' encoding to copy filtered resources.
2017-07-17 12:59:43,484 [Worker-24] INFO  o.e.m.c.i.embedder.EclipseLogger - skip non existing resourceDirectory D:\Shared\MyFiles\Actibyti\Empleabilidad\trunk\M3\U14\workspace\HelloSpring\src\test\resources
2017-07-17 13:00:17,213 [Worker-25] INFO  o.e.m.c.i.embedder.EclipseLogger - Using 'UTF-8' encoding to copy filtered resources.
2017-07-17 13:00:17,214 [Worker-25] INFO  o.e.m.c.i.embedder.EclipseLogger - skip non existing resourceDirectory D:\Shared\MyFiles\Actibyti\Empleabilidad\trunk\M3\U14\workspace\HelloSpring\src\main\resources
2017-07-17 13:00:17,215 [Worker-25] INFO  o.e.m.c.i.embedder.EclipseLogger - Using 'UTF-8' encoding to copy filtered resources.
2017-07-17 13:00:17,216 [Worker-25] INFO  o.e.m.c.i.embedder.EclipseLogger - skip non existing resourceDirectory D:\Shared\MyFiles\Actibyti\Empleabilidad\trunk\M3\U14\workspace\HelloSpring\src\test\resources
2017-07-17 13:00:23,555 [Worker-29] INFO  o.e.m.c.i.embedder.EclipseLogger - Using 'UTF-8' encoding to copy filtered resources.
2017-07-17 13:00:23,555 [Worker-29] INFO  o.e.m.c.i.embedder.EclipseLogger - skip non existing resourceDirectory D:\Shared\MyFiles\Actibyti\Empleabilidad\trunk\M3\U14\workspace\HelloSpring\src\main\resources
2017-07-17 13:00:23,558 [Worker-29] INFO  o.e.m.c.i.embedder.EclipseLogger - Using 'UTF-8' encoding to copy filtered resources.
2017-07-17 13:00:23,558 [Worker-29] INFO  o.e.m.c.i.embedder.EclipseLogger - skip non existing resourceDirectory D:\Shared\MyFiles\Actibyti\Empleabilidad\trunk\M3\U14\workspace\HelloSpring\src\test\resources
2017-07-17 13:01:13,155 [Worker-17] INFO  o.e.m.c.i.embedder.EclipseLogger - Using 'UTF-8' encoding to copy filtered resources.
2017-07-17 13:01:13,155 [Worker-17] INFO  o.e.m.c.i.embedder.EclipseLogger - skip non existing resourceDirectory D:\Shared\MyFiles\Actibyti\Empleabilidad\trunk\M3\U14\workspace\HelloSpring\src\main\resources
2017-07-17 13:01:13,157 [Worker-17] INFO  o.e.m.c.i.embedder.EclipseLogger - Using 'UTF-8' encoding to copy filtered resources.
2017-07-17 13:01:13,157 [Worker-17] INFO  o.e.m.c.i.embedder.EclipseLogger - skip non existing resourceDirectory D:\Shared\MyFiles\Actibyti\Empleabilidad\trunk\M3\U14\workspace\HelloSpring\src\test\resources
2017-07-17 13:01:59,623 [Worker-29] INFO  o.e.m.c.i.embedder.EclipseLogger - Using 'UTF-8' encoding to copy filtered resources.
2017-07-17 13:01:59,624 [Worker-29] INFO  o.e.m.c.i.embedder.EclipseLogger - skip non existing resourceDirectory D:\Shared\MyFiles\Actibyti\Empleabilidad\trunk\M3\U14\workspace\HelloSpring\src\main\resources
2017-07-17 13:01:59,626 [Worker-29] INFO  o.e.m.c.i.embedder.EclipseLogger - Using 'UTF-8' encoding to copy filtered resources.
2017-07-17 13:01:59,627 [Worker-29] INFO  o.e.m.c.i.embedder.EclipseLogger - skip non existing resourceDirectory D:\Shared\MyFiles\Actibyti\Empleabilidad\trunk\M3\U14\workspace\HelloSpring\src\test\resources
2017-07-17 13:02:21,120 [Worker-26] INFO  o.e.m.c.i.embedder.EclipseLogger - Using 'UTF-8' encoding to copy filtered resources.
2017-07-17 13:02:21,121 [Worker-26] INFO  o.e.m.c.i.embedder.EclipseLogger - skip non existing resourceDirectory D:\Shared\MyFiles\Actibyti\Empleabilidad\trunk\M3\U14\workspace\HelloSpring\src\main\resources
2017-07-17 13:02:21,124 [Worker-26] INFO  o.e.m.c.i.embedder.EclipseLogger - Using 'UTF-8' encoding to copy filtered resources.
2017-07-17 13:02:21,125 [Worker-26] INFO  o.e.m.c.i.embedder.EclipseLogger - skip non existing resourceDirectory D:\Shared\MyFiles\Actibyti\Empleabilidad\trunk\M3\U14\workspace\HelloSpring\src\test\resources
2017-07-17 13:02:49,367 [Worker-19] INFO  o.e.m.c.i.embedder.EclipseLogger - Using 'UTF-8' encoding to copy filtered resources.
2017-07-17 13:02:49,368 [Worker-19] INFO  o.e.m.c.i.embedder.EclipseLogger - skip non existing resourceDirectory D:\Shared\MyFiles\Actibyti\Empleabilidad\trunk\M3\U14\workspace\HelloSpring\src\main\resources
2017-07-17 13:02:49,375 [Worker-19] INFO  o.e.m.c.i.embedder.EclipseLogger - Using 'UTF-8' encoding to copy filtered resources.
2017-07-17 13:02:49,375 [Worker-19] INFO  o.e.m.c.i.embedder.EclipseLogger - skip non existing resourceDirectory D:\Shared\MyFiles\Actibyti\Empleabilidad\trunk\M3\U14\workspace\HelloSpring\src\test\resources
2017-07-17 13:03:35,018 [Worker-26] INFO  o.e.m.c.i.embedder.EclipseLogger - Using 'UTF-8' encoding to copy filtered resources.
2017-07-17 13:03:35,018 [Worker-26] INFO  o.e.m.c.i.embedder.EclipseLogger - skip non existing resourceDirectory D:\Shared\MyFiles\Actibyti\Empleabilidad\trunk\M3\U14\workspace\HelloSpring\src\main\resources
2017-07-17 13:03:35,019 [Worker-26] INFO  o.e.m.c.i.embedder.EclipseLogger - Using 'UTF-8' encoding to copy filtered resources.
2017-07-17 13:03:35,020 [Worker-26] INFO  o.e.m.c.i.embedder.EclipseLogger - skip non existing resourceDirectory D:\Shared\MyFiles\Actibyti\Empleabilidad\trunk\M3\U14\workspace\HelloSpring\src\test\resources
2017-07-17 13:04:01,120 [Worker-29] INFO  o.e.m.c.i.embedder.EclipseLogger - Using 'UTF-8' encoding to copy filtered resources.
2017-07-17 13:04:01,120 [Worker-29] INFO  o.e.m.c.i.embedder.EclipseLogger - skip non existing resourceDirectory D:\Shared\MyFiles\Actibyti\Empleabilidad\trunk\M3\U14\workspace\HelloSpring\src\main\resources
2017-07-17 13:04:01,124 [Worker-29] INFO  o.e.m.c.i.embedder.EclipseLogger - Using 'UTF-8' encoding to copy filtered resources.
2017-07-17 13:04:01,124 [Worker-29] INFO  o.e.m.c.i.embedder.EclipseLogger - skip non existing resourceDirectory D:\Shared\MyFiles\Actibyti\Empleabilidad\trunk\M3\U14\workspace\HelloSpring\src\test\resources
2017-07-17 13:05:06,006 [Worker-24] INFO  o.e.m.c.i.embedder.EclipseLogger - Using 'UTF-8' encoding to copy filtered resources.
2017-07-17 13:05:06,006 [Worker-24] INFO  o.e.m.c.i.embedder.EclipseLogger - skip non existing resourceDirectory D:\Shared\MyFiles\Actibyti\Empleabilidad\trunk\M3\U14\workspace\HelloSpring\src\main\resources
2017-07-17 13:05:06,010 [Worker-24] INFO  o.e.m.c.i.embedder.EclipseLogger - Using 'UTF-8' encoding to copy filtered resources.
2017-07-17 13:05:06,011 [Worker-24] INFO  o.e.m.c.i.embedder.EclipseLogger - skip non existing resourceDirectory D:\Shared\MyFiles\Actibyti\Empleabilidad\trunk\M3\U14\workspace\HelloSpring\src\test\resources
2017-07-17 13:05:07,836 [Worker-27] INFO  o.e.m.c.i.embedder.EclipseLogger - Using 'UTF-8' encoding to copy filtered resources.
2017-07-17 13:05:07,837 [Worker-27] INFO  o.e.m.c.i.embedder.EclipseLogger - skip non existing resourceDirectory D:\Shared\MyFiles\Actibyti\Empleabilidad\trunk\M3\U14\workspace\HelloSpring\src\main\resources
2017-07-17 13:05:07,838 [Worker-27] INFO  o.e.m.c.i.embedder.EclipseLogger - Using 'UTF-8' encoding to copy filtered resources.
2017-07-17 13:05:07,838 [Worker-27] INFO  o.e.m.c.i.embedder.EclipseLogger - skip non existing resourceDirectory D:\Shared\MyFiles\Actibyti\Empleabilidad\trunk\M3\U14\workspace\HelloSpring\src\test\resources
2017-07-17 13:05:20,103 [Worker-27] INFO  o.e.m.c.i.embedder.EclipseLogger - Using 'UTF-8' encoding to copy filtered resources.
2017-07-17 13:05:20,103 [Worker-27] INFO  o.e.m.c.i.embedder.EclipseLogger - skip non existing resourceDirectory D:\Shared\MyFiles\Actibyti\Empleabilidad\trunk\M3\U14\workspace\HelloSpring\src\main\resources
2017-07-17 13:05:20,105 [Worker-27] INFO  o.e.m.c.i.embedder.EclipseLogger - Using 'UTF-8' encoding to copy filtered resources.
2017-07-17 13:05:20,105 [Worker-27] INFO  o.e.m.c.i.embedder.EclipseLogger - skip non existing resourceDirectory D:\Shared\MyFiles\Actibyti\Empleabilidad\trunk\M3\U14\workspace\HelloSpring\src\test\resources
2017-07-17 13:05:25,709 [Worker-19] INFO  o.e.m.c.i.embedder.EclipseLogger - Using 'UTF-8' encoding to copy filtered resources.
2017-07-17 13:05:25,710 [Worker-19] INFO  o.e.m.c.i.embedder.EclipseLogger - skip non existing resourceDirectory D:\Shared\MyFiles\Actibyti\Empleabilidad\trunk\M3\U14\workspace\HelloSpring\src\main\resources
2017-07-17 13:05:25,712 [Worker-19] INFO  o.e.m.c.i.embedder.EclipseLogger - Using 'UTF-8' encoding to copy filtered resources.
2017-07-17 13:05:25,713 [Worker-19] INFO  o.e.m.c.i.embedder.EclipseLogger - skip non existing resourceDirectory D:\Shared\MyFiles\Actibyti\Empleabilidad\trunk\M3\U14\workspace\HelloSpring\src\test\resources
2017-07-17 13:05:36,601 [Worker-30] INFO  o.e.m.c.i.embedder.EclipseLogger - Using 'UTF-8' encoding to copy filtered resources.
2017-07-17 13:05:36,602 [Worker-30] INFO  o.e.m.c.i.embedder.EclipseLogger - skip non existing resourceDirectory D:\Shared\MyFiles\Actibyti\Empleabilidad\trunk\M3\U14\workspace\HelloSpring\src\main\resources
2017-07-17 13:05:36,603 [Worker-30] INFO  o.e.m.c.i.embedder.EclipseLogger - Using 'UTF-8' encoding to copy filtered resources.
2017-07-17 13:05:36,603 [Worker-30] INFO  o.e.m.c.i.embedder.EclipseLogger - skip non existing resourceDirectory D:\Shared\MyFiles\Actibyti\Empleabilidad\trunk\M3\U14\workspace\HelloSpring\src\test\resources
2017-07-17 13:06:01,505 [Worker-24] INFO  o.e.m.c.i.embedder.EclipseLogger - Using 'UTF-8' encoding to copy filtered resources.
2017-07-17 13:06:01,506 [Worker-24] INFO  o.e.m.c.i.embedder.EclipseLogger - skip non existing resourceDirectory D:\Shared\MyFiles\Actibyti\Empleabilidad\trunk\M3\U14\workspace\HelloSpring\src\main\resources
2017-07-17 13:06:01,509 [Worker-24] INFO  o.e.m.c.i.embedder.EclipseLogger - Using 'UTF-8' encoding to copy filtered resources.
2017-07-17 13:06:01,510 [Worker-24] INFO  o.e.m.c.i.embedder.EclipseLogger - skip non existing resourceDirectory D:\Shared\MyFiles\Actibyti\Empleabilidad\trunk\M3\U14\workspace\HelloSpring\src\test\resources
2017-07-17 13:07:27,708 [Worker-25] INFO  o.e.m.c.i.embedder.EclipseLogger - Using 'UTF-8' encoding to copy filtered resources.
2017-07-17 13:07:27,708 [Worker-25] INFO  o.e.m.c.i.embedder.EclipseLogger - skip non existing resourceDirectory D:\Shared\MyFiles\Actibyti\Empleabilidad\trunk\M3\U14\workspace\HelloSpring\src\main\resources
2017-07-17 13:07:27,711 [Worker-25] INFO  o.e.m.c.i.embedder.EclipseLogger - Using 'UTF-8' encoding to copy filtered resources.
2017-07-17 13:07:27,712 [Worker-25] INFO  o.e.m.c.i.embedder.EclipseLogger - skip non existing resourceDirectory D:\Shared\MyFiles\Actibyti\Empleabilidad\trunk\M3\U14\workspace\HelloSpring\src\test\resources
2017-07-17 13:07:58,837 [Worker-25] INFO  o.e.m.c.i.embedder.EclipseLogger - Using 'UTF-8' encoding to copy filtered resources.
2017-07-17 13:07:58,838 [Worker-25] INFO  o.e.m.c.i.embedder.EclipseLogger - skip non existing resourceDirectory D:\Shared\MyFiles\Actibyti\Empleabilidad\trunk\M3\U14\workspace\HelloSpring\src\main\resources
2017-07-17 13:07:58,840 [Worker-25] INFO  o.e.m.c.i.embedder.EclipseLogger - Using 'UTF-8' encoding to copy filtered resources.
2017-07-17 13:07:58,840 [Worker-25] INFO  o.e.m.c.i.embedder.EclipseLogger - skip non existing resourceDirectory D:\Shared\MyFiles\Actibyti\Empleabilidad\trunk\M3\U14\workspace\HelloSpring\src\test\resources
2017-07-17 13:09:00,759 [Worker-19] INFO  o.e.m.c.i.embedder.EclipseLogger - Using 'UTF-8' encoding to copy filtered resources.
2017-07-17 13:09:00,759 [Worker-19] INFO  o.e.m.c.i.embedder.EclipseLogger - skip non existing resourceDirectory D:\Shared\MyFiles\Actibyti\Empleabilidad\trunk\M3\U14\workspace\HelloSpring\src\main\resources
2017-07-17 13:09:00,761 [Worker-19] INFO  o.e.m.c.i.embedder.EclipseLogger - Using 'UTF-8' encoding to copy filtered resources.
2017-07-17 13:09:00,761 [Worker-19] INFO  o.e.m.c.i.embedder.EclipseLogger - skip non existing resourceDirectory D:\Shared\MyFiles\Actibyti\Empleabilidad\trunk\M3\U14\workspace\HelloSpring\src\test\resources
2017-07-17 13:09:03,093 [Worker-24] INFO  o.e.m.c.i.embedder.EclipseLogger - Using 'UTF-8' encoding to copy filtered resources.
2017-07-17 13:09:03,094 [Worker-24] INFO  o.e.m.c.i.embedder.EclipseLogger - skip non existing resourceDirectory D:\Shared\MyFiles\Actibyti\Empleabilidad\trunk\M3\U14\workspace\HelloSpring\src\main\resources
2017-07-17 13:09:03,099 [Worker-24] INFO  o.e.m.c.i.embedder.EclipseLogger - Using 'UTF-8' encoding to copy filtered resources.
2017-07-17 13:09:03,100 [Worker-24] INFO  o.e.m.c.i.embedder.EclipseLogger - skip non existing resourceDirectory D:\Shared\MyFiles\Actibyti\Empleabilidad\trunk\M3\U14\workspace\HelloSpring\src\test\resources
2017-07-17 13:09:12,666 [Worker-29] INFO  o.e.m.c.i.embedder.EclipseLogger - Using 'UTF-8' encoding to copy filtered resources.
2017-07-17 13:09:12,666 [Worker-29] INFO  o.e.m.c.i.embedder.EclipseLogger - skip non existing resourceDirectory D:\Shared\MyFiles\Actibyti\Empleabilidad\trunk\M3\U14\workspace\HelloSpring\src\main\resources
2017-07-17 13:09:12,668 [Worker-29] INFO  o.e.m.c.i.embedder.EclipseLogger - Using 'UTF-8' encoding to copy filtered resources.
2017-07-17 13:09:12,668 [Worker-29] INFO  o.e.m.c.i.embedder.EclipseLogger - skip non existing resourceDirectory D:\Shared\MyFiles\Actibyti\Empleabilidad\trunk\M3\U14\workspace\HelloSpring\src\test\resources
2017-07-17 13:10:30,779 [Worker-27] INFO  o.e.m.c.i.embedder.EclipseLogger - Using 'UTF-8' encoding to copy filtered resources.
2017-07-17 13:10:30,779 [Worker-27] INFO  o.e.m.c.i.embedder.EclipseLogger - skip non existing resourceDirectory D:\Shared\MyFiles\Actibyti\Empleabilidad\trunk\M3\U14\workspace\HelloSpring\src\main\resources
2017-07-17 13:10:30,780 [Worker-27] INFO  o.e.m.c.i.embedder.EclipseLogger - Using 'UTF-8' encoding to copy filtered resources.
2017-07-17 13:10:30,780 [Worker-27] INFO  o.e.m.c.i.embedder.EclipseLogger - skip non existing resourceDirectory D:\Shared\MyFiles\Actibyti\Empleabilidad\trunk\M3\U14\workspace\HelloSpring\src\test\resources
2017-07-17 13:10:45,430 [Worker-27] INFO  o.e.m.c.i.embedder.EclipseLogger - Using 'UTF-8' encoding to copy filtered resources.
2017-07-17 13:10:45,430 [Worker-27] INFO  o.e.m.c.i.embedder.EclipseLogger - skip non existing resourceDirectory D:\Shared\MyFiles\Actibyti\Empleabilidad\trunk\M3\U14\workspace\HelloSpring\src\main\resources
2017-07-17 13:10:45,431 [Worker-27] INFO  o.e.m.c.i.embedder.EclipseLogger - Using 'UTF-8' encoding to copy filtered resources.
2017-07-17 13:10:45,431 [Worker-27] INFO  o.e.m.c.i.embedder.EclipseLogger - skip non existing resourceDirectory D:\Shared\MyFiles\Actibyti\Empleabilidad\trunk\M3\U14\workspace\HelloSpring\src\test\resources
2017-07-17 13:10:48,613 [Worker-19] INFO  o.e.m.c.i.embedder.EclipseLogger - Using 'UTF-8' encoding to copy filtered resources.
2017-07-17 13:10:48,614 [Worker-19] INFO  o.e.m.c.i.embedder.EclipseLogger - skip non existing resourceDirectory D:\Shared\MyFiles\Actibyti\Empleabilidad\trunk\M3\U14\workspace\HelloSpring\src\main\resources
2017-07-17 13:10:48,618 [Worker-19] INFO  o.e.m.c.i.embedder.EclipseLogger - Using 'UTF-8' encoding to copy filtered resources.
2017-07-17 13:10:48,619 [Worker-19] INFO  o.e.m.c.i.embedder.EclipseLogger - skip non existing resourceDirectory D:\Shared\MyFiles\Actibyti\Empleabilidad\trunk\M3\U14\workspace\HelloSpring\src\test\resources
2017-07-17 13:11:08,922 [Worker-24] INFO  o.e.m.c.i.embedder.EclipseLogger - Using 'UTF-8' encoding to copy filtered resources.
2017-07-17 13:11:08,923 [Worker-24] INFO  o.e.m.c.i.embedder.EclipseLogger - skip non existing resourceDirectory D:\Shared\MyFiles\Actibyti\Empleabilidad\trunk\M3\U14\workspace\HelloSpring\src\main\resources
2017-07-17 13:11:08,924 [Worker-24] INFO  o.e.m.c.i.embedder.EclipseLogger - Using 'UTF-8' encoding to copy filtered resources.
2017-07-17 13:11:08,924 [Worker-24] INFO  o.e.m.c.i.embedder.EclipseLogger - skip non existing resourceDirectory D:\Shared\MyFiles\Actibyti\Empleabilidad\trunk\M3\U14\workspace\HelloSpring\src\test\resources
2017-07-17 13:11:41,696 [Worker-30] INFO  o.e.m.c.i.embedder.EclipseLogger - Using 'UTF-8' encoding to copy filtered resources.
2017-07-17 13:11:41,697 [Worker-30] INFO  o.e.m.c.i.embedder.EclipseLogger - skip non existing resourceDirectory D:\Shared\MyFiles\Actibyti\Empleabilidad\trunk\M3\U14\workspace\HelloSpring\src\main\resources
2017-07-17 13:11:41,698 [Worker-30] INFO  o.e.m.c.i.embedder.EclipseLogger - Using 'UTF-8' encoding to copy filtered resources.
2017-07-17 13:11:41,698 [Worker-30] INFO  o.e.m.c.i.embedder.EclipseLogger - skip non existing resourceDirectory D:\Shared\MyFiles\Actibyti\Empleabilidad\trunk\M3\U14\workspace\HelloSpring\src\test\resources
2017-07-17 15:06:58,122 [Worker-1] INFO  o.e.m.c.i.embedder.EclipseLogger - Using 'UTF-8' encoding to copy filtered resources.
2017-07-17 15:06:58,127 [Worker-1] INFO  o.e.m.c.i.embedder.EclipseLogger - skip non existing resourceDirectory D:\Shared\MyFiles\Actibyti\Empleabilidad\trunk\M3\U14\workspace\HelloSpring\src\main\resources
2017-07-17 15:06:58,131 [Worker-1] INFO  o.e.m.c.i.embedder.EclipseLogger - Using 'UTF-8' encoding to copy filtered resources.
2017-07-17 15:06:58,132 [Worker-1] INFO  o.e.m.c.i.embedder.EclipseLogger - skip non existing resourceDirectory D:\Shared\MyFiles\Actibyti\Empleabilidad\trunk\M3\U14\workspace\HelloSpring\src\test\resources
