2017-07-31 19:32:43,905 [Worker-6] INFO  o.e.m.c.i.l.LifecycleMappingFactory - Using org.eclipse.m2e.jdt.JarLifecycleMapping lifecycle mapping for MavenProject: Netmind:EjemploEmpleado:0.0.1-SNAPSHOT @ D:\Shared\MyFiles\Actibyti\Empleabilidad\trunk\M2\U8\workspace\EjemploEmpleado\pom.xml.
2017-07-31 19:32:45,514 [Worker-6] INFO  o.e.m.c.i.embedder.EclipseLogger - Using 'UTF-8' encoding to copy filtered resources.
2017-07-31 19:32:45,514 [Worker-6] INFO  o.e.m.c.i.embedder.EclipseLogger - skip non existing resourceDirectory D:\Shared\MyFiles\Actibyti\Empleabilidad\trunk\M2\U8\workspace\EjemploEmpleado\src\main\resources
2017-07-31 19:32:45,518 [Worker-6] INFO  o.e.m.c.i.embedder.EclipseLogger - Using 'UTF-8' encoding to copy filtered resources.
2017-07-31 19:32:45,518 [Worker-6] INFO  o.e.m.c.i.embedder.EclipseLogger - skip non existing resourceDirectory D:\Shared\MyFiles\Actibyti\Empleabilidad\trunk\M2\U8\workspace\EjemploEmpleado\src\test\resources
2017-07-31 19:32:46,865 [Worker-6] INFO  o.e.m.c.i.l.LifecycleMappingFactory - Using org.eclipse.m2e.jdt.JarLifecycleMapping lifecycle mapping for MavenProject: com.projectvalis.st1:st1:1.0-SNAPSHOT @ D:\Shared\MyFiles\Actibyti\Empleabilidad\trunk\M2\U8\workspace\compUtils\pom.xml.
2017-07-31 19:32:50,330 [Worker-6] INFO  o.e.m.c.i.embedder.EclipseLogger - Using 'UTF-8' encoding to copy filtered resources.
2017-07-31 19:32:50,330 [Worker-6] INFO  o.e.m.c.i.embedder.EclipseLogger - skip non existing resourceDirectory D:\Shared\MyFiles\Actibyti\Empleabilidad\trunk\M2\U8\workspace\compUtils\src\main\resources
2017-07-31 19:32:50,331 [Worker-6] INFO  o.e.m.c.i.embedder.EclipseLogger - Using 'UTF-8' encoding to copy filtered resources.
2017-07-31 19:32:50,339 [Worker-6] INFO  o.e.m.c.i.embedder.EclipseLogger - Copying 2 resources
2017-07-31 19:32:51,720 [Worker-4] INFO  o.e.m.c.i.embedder.EclipseLogger - Using 'UTF-8' encoding to copy filtered resources.
2017-07-31 19:32:51,722 [Worker-4] INFO  o.e.m.c.i.embedder.EclipseLogger - skip non existing resourceDirectory D:\Shared\MyFiles\Actibyti\Empleabilidad\trunk\M2\U8\workspace\EjemploEmpleado\src\main\resources
2017-07-31 19:32:51,760 [Worker-4] INFO  o.e.m.c.i.embedder.EclipseLogger - Using 'UTF-8' encoding to copy filtered resources.
2017-07-31 19:32:51,761 [Worker-4] INFO  o.e.m.c.i.embedder.EclipseLogger - skip non existing resourceDirectory D:\Shared\MyFiles\Actibyti\Empleabilidad\trunk\M2\U8\workspace\EjemploEmpleado\src\test\resources
2017-07-31 19:32:54,907 [Worker-8] INFO  o.e.m.c.i.embedder.EclipseLogger - Using 'UTF-8' encoding to copy filtered resources.
2017-07-31 19:32:54,907 [Worker-8] INFO  o.e.m.c.i.embedder.EclipseLogger - skip non existing resourceDirectory D:\Shared\MyFiles\Actibyti\Empleabilidad\trunk\M2\U8\workspace\EjemploEmpleado\src\main\resources
2017-07-31 19:32:54,910 [Worker-8] INFO  o.e.m.c.i.embedder.EclipseLogger - Using 'UTF-8' encoding to copy filtered resources.
2017-07-31 19:32:54,910 [Worker-8] INFO  o.e.m.c.i.embedder.EclipseLogger - skip non existing resourceDirectory D:\Shared\MyFiles\Actibyti\Empleabilidad\trunk\M2\U8\workspace\EjemploEmpleado\src\test\resources
2017-07-31 19:32:55,384 [Worker-8] INFO  o.e.m.c.i.embedder.EclipseLogger - Using 'UTF-8' encoding to copy filtered resources.
2017-07-31 19:32:55,385 [Worker-8] INFO  o.e.m.c.i.embedder.EclipseLogger - skip non existing resourceDirectory D:\Shared\MyFiles\Actibyti\Empleabilidad\trunk\M2\U8\workspace\compUtils\src\main\resources
2017-07-31 19:32:55,392 [Worker-8] INFO  o.e.m.c.i.embedder.EclipseLogger - Using 'UTF-8' encoding to copy filtered resources.
2017-07-31 19:32:55,411 [Worker-8] INFO  o.e.m.c.i.embedder.EclipseLogger - Copying 0 resource
2017-07-31 19:38:06,834 [Worker-8] INFO  o.e.m.c.i.embedder.EclipseLogger - Using 'UTF-8' encoding to copy filtered resources.
2017-07-31 19:38:06,835 [Worker-8] INFO  o.e.m.c.i.embedder.EclipseLogger - skip non existing resourceDirectory D:\Shared\MyFiles\Actibyti\Empleabilidad\trunk\M2\U8\workspace\EjemploEmpleado\src\main\resources
2017-07-31 19:38:06,836 [Worker-8] INFO  o.e.m.c.i.embedder.EclipseLogger - Using 'UTF-8' encoding to copy filtered resources.
2017-07-31 19:38:06,837 [Worker-8] INFO  o.e.m.c.i.embedder.EclipseLogger - skip non existing resourceDirectory D:\Shared\MyFiles\Actibyti\Empleabilidad\trunk\M2\U8\workspace\EjemploEmpleado\src\test\resources
2017-07-31 19:39:08,206 [Worker-14] INFO  o.e.m.c.i.embedder.EclipseLogger - Using 'UTF-8' encoding to copy filtered resources.
2017-07-31 19:39:08,206 [Worker-14] INFO  o.e.m.c.i.embedder.EclipseLogger - skip non existing resourceDirectory D:\Shared\MyFiles\Actibyti\Empleabilidad\trunk\M2\U8\workspace\EjemploEmpleado\src\main\resources
2017-07-31 19:39:08,208 [Worker-14] INFO  o.e.m.c.i.embedder.EclipseLogger - Using 'UTF-8' encoding to copy filtered resources.
2017-07-31 19:39:08,208 [Worker-14] INFO  o.e.m.c.i.embedder.EclipseLogger - skip non existing resourceDirectory D:\Shared\MyFiles\Actibyti\Empleabilidad\trunk\M2\U8\workspace\EjemploEmpleado\src\test\resources
2017-07-31 19:39:56,624 [Worker-12] INFO  o.e.m.c.i.embedder.EclipseLogger - Using 'UTF-8' encoding to copy filtered resources.
2017-07-31 19:39:56,624 [Worker-12] INFO  o.e.m.c.i.embedder.EclipseLogger - skip non existing resourceDirectory D:\Shared\MyFiles\Actibyti\Empleabilidad\trunk\M2\U8\workspace\EjemploEmpleado\src\main\resources
2017-07-31 19:39:56,627 [Worker-12] INFO  o.e.m.c.i.embedder.EclipseLogger - Using 'UTF-8' encoding to copy filtered resources.
2017-07-31 19:39:56,628 [Worker-12] INFO  o.e.m.c.i.embedder.EclipseLogger - skip non existing resourceDirectory D:\Shared\MyFiles\Actibyti\Empleabilidad\trunk\M2\U8\workspace\EjemploEmpleado\src\test\resources
2017-07-31 19:46:20,692 [Worker-10] INFO  o.e.m.c.i.embedder.EclipseLogger - Using 'UTF-8' encoding to copy filtered resources.
2017-07-31 19:46:20,692 [Worker-10] INFO  o.e.m.c.i.embedder.EclipseLogger - skip non existing resourceDirectory D:\Shared\MyFiles\Actibyti\Empleabilidad\trunk\M2\U8\workspace\EjemploEmpleado\src\main\resources
2017-07-31 19:46:20,694 [Worker-10] INFO  o.e.m.c.i.embedder.EclipseLogger - Using 'UTF-8' encoding to copy filtered resources.
2017-07-31 19:46:20,695 [Worker-10] INFO  o.e.m.c.i.embedder.EclipseLogger - skip non existing resourceDirectory D:\Shared\MyFiles\Actibyti\Empleabilidad\trunk\M2\U8\workspace\EjemploEmpleado\src\test\resources
2017-07-31 19:46:56,923 [Worker-11] INFO  o.e.m.c.i.embedder.EclipseLogger - Using 'UTF-8' encoding to copy filtered resources.
2017-07-31 19:46:56,923 [Worker-11] INFO  o.e.m.c.i.embedder.EclipseLogger - skip non existing resourceDirectory D:\Shared\MyFiles\Actibyti\Empleabilidad\trunk\M2\U8\workspace\EjemploEmpleado\src\main\resources
2017-07-31 19:46:56,925 [Worker-11] INFO  o.e.m.c.i.embedder.EclipseLogger - Using 'UTF-8' encoding to copy filtered resources.
2017-07-31 19:46:56,925 [Worker-11] INFO  o.e.m.c.i.embedder.EclipseLogger - skip non existing resourceDirectory D:\Shared\MyFiles\Actibyti\Empleabilidad\trunk\M2\U8\workspace\EjemploEmpleado\src\test\resources
2017-07-31 19:48:35,361 [Worker-11] INFO  o.e.m.c.i.embedder.EclipseLogger - Using 'UTF-8' encoding to copy filtered resources.
2017-07-31 19:48:35,361 [Worker-11] INFO  o.e.m.c.i.embedder.EclipseLogger - skip non existing resourceDirectory D:\Shared\MyFiles\Actibyti\Empleabilidad\trunk\M2\U8\workspace\EjemploEmpleado\src\main\resources
2017-07-31 19:48:35,363 [Worker-11] INFO  o.e.m.c.i.embedder.EclipseLogger - Using 'UTF-8' encoding to copy filtered resources.
2017-07-31 19:48:35,364 [Worker-11] INFO  o.e.m.c.i.embedder.EclipseLogger - skip non existing resourceDirectory D:\Shared\MyFiles\Actibyti\Empleabilidad\trunk\M2\U8\workspace\EjemploEmpleado\src\test\resources
2017-07-31 19:49:07,283 [Worker-11] INFO  o.e.m.c.i.embedder.EclipseLogger - Using 'UTF-8' encoding to copy filtered resources.
2017-07-31 19:49:07,284 [Worker-11] INFO  o.e.m.c.i.embedder.EclipseLogger - skip non existing resourceDirectory D:\Shared\MyFiles\Actibyti\Empleabilidad\trunk\M2\U8\workspace\EjemploEmpleado\src\main\resources
2017-07-31 19:49:07,286 [Worker-11] INFO  o.e.m.c.i.embedder.EclipseLogger - Using 'UTF-8' encoding to copy filtered resources.
2017-07-31 19:49:07,286 [Worker-11] INFO  o.e.m.c.i.embedder.EclipseLogger - skip non existing resourceDirectory D:\Shared\MyFiles\Actibyti\Empleabilidad\trunk\M2\U8\workspace\EjemploEmpleado\src\test\resources
2017-07-31 19:49:29,944 [Worker-11] INFO  o.e.m.c.i.embedder.EclipseLogger - Using 'UTF-8' encoding to copy filtered resources.
2017-07-31 19:49:29,944 [Worker-11] INFO  o.e.m.c.i.embedder.EclipseLogger - skip non existing resourceDirectory D:\Shared\MyFiles\Actibyti\Empleabilidad\trunk\M2\U8\workspace\EjemploEmpleado\src\main\resources
2017-07-31 19:49:29,946 [Worker-11] INFO  o.e.m.c.i.embedder.EclipseLogger - Using 'UTF-8' encoding to copy filtered resources.
2017-07-31 19:49:29,947 [Worker-11] INFO  o.e.m.c.i.embedder.EclipseLogger - skip non existing resourceDirectory D:\Shared\MyFiles\Actibyti\Empleabilidad\trunk\M2\U8\workspace\EjemploEmpleado\src\test\resources
2017-07-31 19:50:50,021 [Worker-16] INFO  o.e.m.c.i.embedder.EclipseLogger - Using 'UTF-8' encoding to copy filtered resources.
2017-07-31 19:50:50,021 [Worker-16] INFO  o.e.m.c.i.embedder.EclipseLogger - skip non existing resourceDirectory D:\Shared\MyFiles\Actibyti\Empleabilidad\trunk\M2\U8\workspace\EjemploEmpleado\src\main\resources
2017-07-31 19:50:50,023 [Worker-16] INFO  o.e.m.c.i.embedder.EclipseLogger - Using 'UTF-8' encoding to copy filtered resources.
2017-07-31 19:50:50,024 [Worker-16] INFO  o.e.m.c.i.embedder.EclipseLogger - skip non existing resourceDirectory D:\Shared\MyFiles\Actibyti\Empleabilidad\trunk\M2\U8\workspace\EjemploEmpleado\src\test\resources
2017-07-31 19:51:15,770 [Worker-21] INFO  o.e.m.c.i.embedder.EclipseLogger - Using 'UTF-8' encoding to copy filtered resources.
2017-07-31 19:51:15,771 [Worker-21] INFO  o.e.m.c.i.embedder.EclipseLogger - skip non existing resourceDirectory D:\Shared\MyFiles\Actibyti\Empleabilidad\trunk\M2\U8\workspace\EjemploEmpleado\src\main\resources
2017-07-31 19:51:15,774 [Worker-21] INFO  o.e.m.c.i.embedder.EclipseLogger - Using 'UTF-8' encoding to copy filtered resources.
2017-07-31 19:51:15,775 [Worker-21] INFO  o.e.m.c.i.embedder.EclipseLogger - skip non existing resourceDirectory D:\Shared\MyFiles\Actibyti\Empleabilidad\trunk\M2\U8\workspace\EjemploEmpleado\src\test\resources
2017-07-31 19:51:24,264 [Worker-21] INFO  o.e.m.c.i.embedder.EclipseLogger - Using 'UTF-8' encoding to copy filtered resources.
2017-07-31 19:51:24,265 [Worker-21] INFO  o.e.m.c.i.embedder.EclipseLogger - skip non existing resourceDirectory D:\Shared\MyFiles\Actibyti\Empleabilidad\trunk\M2\U8\workspace\EjemploEmpleado\src\main\resources
2017-07-31 19:51:24,269 [Worker-21] INFO  o.e.m.c.i.embedder.EclipseLogger - Using 'UTF-8' encoding to copy filtered resources.
2017-07-31 19:51:24,269 [Worker-21] INFO  o.e.m.c.i.embedder.EclipseLogger - skip non existing resourceDirectory D:\Shared\MyFiles\Actibyti\Empleabilidad\trunk\M2\U8\workspace\EjemploEmpleado\src\test\resources
2017-07-31 19:51:28,103 [Worker-24] INFO  o.e.m.c.i.embedder.EclipseLogger - Using 'UTF-8' encoding to copy filtered resources.
2017-07-31 19:51:28,104 [Worker-24] INFO  o.e.m.c.i.embedder.EclipseLogger - skip non existing resourceDirectory D:\Shared\MyFiles\Actibyti\Empleabilidad\trunk\M2\U8\workspace\EjemploEmpleado\src\main\resources
2017-07-31 19:51:28,106 [Worker-24] INFO  o.e.m.c.i.embedder.EclipseLogger - Using 'UTF-8' encoding to copy filtered resources.
2017-07-31 19:51:28,107 [Worker-24] INFO  o.e.m.c.i.embedder.EclipseLogger - skip non existing resourceDirectory D:\Shared\MyFiles\Actibyti\Empleabilidad\trunk\M2\U8\workspace\EjemploEmpleado\src\test\resources
2017-07-31 19:52:02,037 [Worker-10] INFO  o.e.m.c.i.embedder.EclipseLogger - Using 'UTF-8' encoding to copy filtered resources.
2017-07-31 19:52:02,037 [Worker-10] INFO  o.e.m.c.i.embedder.EclipseLogger - skip non existing resourceDirectory D:\Shared\MyFiles\Actibyti\Empleabilidad\trunk\M2\U8\workspace\EjemploEmpleado\src\main\resources
2017-07-31 19:52:02,039 [Worker-10] INFO  o.e.m.c.i.embedder.EclipseLogger - Using 'UTF-8' encoding to copy filtered resources.
2017-07-31 19:52:02,039 [Worker-10] INFO  o.e.m.c.i.embedder.EclipseLogger - skip non existing resourceDirectory D:\Shared\MyFiles\Actibyti\Empleabilidad\trunk\M2\U8\workspace\EjemploEmpleado\src\test\resources
2017-07-31 19:52:37,682 [Worker-21] INFO  o.e.m.c.i.embedder.EclipseLogger - Using 'UTF-8' encoding to copy filtered resources.
2017-07-31 19:52:37,683 [Worker-21] INFO  o.e.m.c.i.embedder.EclipseLogger - skip non existing resourceDirectory D:\Shared\MyFiles\Actibyti\Empleabilidad\trunk\M2\U8\workspace\EjemploEmpleado\src\main\resources
2017-07-31 19:52:37,685 [Worker-21] INFO  o.e.m.c.i.embedder.EclipseLogger - Using 'UTF-8' encoding to copy filtered resources.
2017-07-31 19:52:37,686 [Worker-21] INFO  o.e.m.c.i.embedder.EclipseLogger - skip non existing resourceDirectory D:\Shared\MyFiles\Actibyti\Empleabilidad\trunk\M2\U8\workspace\EjemploEmpleado\src\test\resources
2017-07-31 19:52:48,954 [Worker-23] INFO  o.e.m.c.i.embedder.EclipseLogger - Using 'UTF-8' encoding to copy filtered resources.
2017-07-31 19:52:48,954 [Worker-23] INFO  o.e.m.c.i.embedder.EclipseLogger - skip non existing resourceDirectory D:\Shared\MyFiles\Actibyti\Empleabilidad\trunk\M2\U8\workspace\EjemploEmpleado\src\main\resources
2017-07-31 19:52:48,956 [Worker-23] INFO  o.e.m.c.i.embedder.EclipseLogger - Using 'UTF-8' encoding to copy filtered resources.
2017-07-31 19:52:48,956 [Worker-23] INFO  o.e.m.c.i.embedder.EclipseLogger - skip non existing resourceDirectory D:\Shared\MyFiles\Actibyti\Empleabilidad\trunk\M2\U8\workspace\EjemploEmpleado\src\test\resources
2017-07-31 19:57:11,994 [main] INFO  o.e.m2e.actions.ExecutePomAction - Creating new launch configuration
2017-07-31 19:57:15,447 [Worker-10] INFO  o.e.m.i.launch.MavenLaunchDelegate - D:\Shared\MyFiles\Actibyti\Empleabilidad\trunk\M2\U8\workspace\EjemploEmpleado
2017-07-31 19:57:15,448 [Worker-10] INFO  o.e.m.i.launch.MavenLaunchDelegate -  mvn -B clean build
2017-07-31 19:57:29,456 [main] INFO  o.e.m2e.actions.ExecutePomAction - Using existing launch configuration
2017-07-31 19:57:29,508 [Worker-27] INFO  o.e.m.i.launch.MavenLaunchDelegate - D:\Shared\MyFiles\Actibyti\Empleabilidad\trunk\M2\U8\workspace\EjemploEmpleado
2017-07-31 19:57:29,508 [Worker-27] INFO  o.e.m.i.launch.MavenLaunchDelegate -  mvn -B clean build
2017-07-31 19:57:35,089 [main] INFO  o.e.m2e.actions.ExecutePomAction - Creating new launch configuration
2017-07-31 19:57:38,929 [Worker-26] INFO  o.e.m.i.launch.MavenLaunchDelegate - D:\Shared\MyFiles\Actibyti\Empleabilidad\trunk\M2\U8\workspace\EjemploEmpleado
2017-07-31 19:57:38,930 [Worker-26] INFO  o.e.m.i.launch.MavenLaunchDelegate -  mvn -B clean install
2017-07-31 19:58:04,256 [Worker-28] INFO  o.e.m.c.i.embedder.EclipseLogger - Using 'UTF-8' encoding to copy filtered resources.
2017-07-31 19:58:04,256 [Worker-28] INFO  o.e.m.c.i.embedder.EclipseLogger - skip non existing resourceDirectory D:\Shared\MyFiles\Actibyti\Empleabilidad\trunk\M2\U8\workspace\EjemploEmpleado\src\main\resources
2017-07-31 19:58:04,258 [Worker-28] INFO  o.e.m.c.i.embedder.EclipseLogger - Using 'UTF-8' encoding to copy filtered resources.
2017-07-31 19:58:04,258 [Worker-28] INFO  o.e.m.c.i.embedder.EclipseLogger - skip non existing resourceDirectory D:\Shared\MyFiles\Actibyti\Empleabilidad\trunk\M2\U8\workspace\EjemploEmpleado\src\test\resources
2017-07-31 19:58:05,330 [Worker-10] INFO  o.e.m.c.i.embedder.EclipseLogger - Using 'UTF-8' encoding to copy filtered resources.
2017-07-31 19:58:05,331 [Worker-10] INFO  o.e.m.c.i.embedder.EclipseLogger - skip non existing resourceDirectory D:\Shared\MyFiles\Actibyti\Empleabilidad\trunk\M2\U8\workspace\EjemploEmpleado\src\main\resources
2017-07-31 19:58:05,336 [Worker-10] INFO  o.e.m.c.i.embedder.EclipseLogger - Using 'UTF-8' encoding to copy filtered resources.
2017-07-31 19:58:05,337 [Worker-10] INFO  o.e.m.c.i.embedder.EclipseLogger - skip non existing resourceDirectory D:\Shared\MyFiles\Actibyti\Empleabilidad\trunk\M2\U8\workspace\EjemploEmpleado\src\test\resources
2017-07-31 19:58:09,921 [Worker-19] INFO  o.e.m.i.launch.MavenLaunchDelegate - D:\Shared\MyFiles\Actibyti\Empleabilidad\trunk\M2\U8\workspace\EjemploEmpleado
2017-07-31 19:58:09,921 [Worker-19] INFO  o.e.m.i.launch.MavenLaunchDelegate -  mvn -B clean install
2017-07-31 19:59:10,161 [Worker-29] INFO  o.e.m.c.i.l.LifecycleMappingFactory - Using org.eclipse.m2e.jdt.JarLifecycleMapping lifecycle mapping for MavenProject: Netmind:EjemploEmpleado:0.0.1-SNAPSHOT @ D:\Shared\MyFiles\Actibyti\Empleabilidad\trunk\M2\U8\workspace\EjemploEmpleado\pom.xml.
2017-07-31 19:59:10,401 [Worker-29] INFO  o.e.m.c.i.embedder.EclipseLogger - Using 'UTF-8' encoding to copy filtered resources.
2017-07-31 19:59:10,401 [Worker-29] INFO  o.e.m.c.i.embedder.EclipseLogger - skip non existing resourceDirectory D:\Shared\MyFiles\Actibyti\Empleabilidad\trunk\M2\U8\workspace\EjemploEmpleado\src\main\resources
2017-07-31 19:59:10,403 [Worker-29] INFO  o.e.m.c.i.embedder.EclipseLogger - Using 'UTF-8' encoding to copy filtered resources.
2017-07-31 19:59:10,403 [Worker-29] INFO  o.e.m.c.i.embedder.EclipseLogger - skip non existing resourceDirectory D:\Shared\MyFiles\Actibyti\Empleabilidad\trunk\M2\U8\workspace\EjemploEmpleado\src\test\resources
2017-07-31 19:59:11,698 [Worker-27] INFO  o.e.m.c.i.embedder.EclipseLogger - Using 'UTF-8' encoding to copy filtered resources.
2017-07-31 19:59:11,699 [Worker-27] INFO  o.e.m.c.i.embedder.EclipseLogger - skip non existing resourceDirectory D:\Shared\MyFiles\Actibyti\Empleabilidad\trunk\M2\U8\workspace\EjemploEmpleado\src\main\resources
2017-07-31 19:59:11,701 [Worker-27] INFO  o.e.m.c.i.embedder.EclipseLogger - Using 'UTF-8' encoding to copy filtered resources.
2017-07-31 19:59:11,701 [Worker-27] INFO  o.e.m.c.i.embedder.EclipseLogger - skip non existing resourceDirectory D:\Shared\MyFiles\Actibyti\Empleabilidad\trunk\M2\U8\workspace\EjemploEmpleado\src\test\resources
2017-07-31 19:59:15,238 [Worker-26] INFO  o.e.m.c.i.l.LifecycleMappingFactory - Using org.eclipse.m2e.jdt.JarLifecycleMapping lifecycle mapping for MavenProject: Netmind:EjemploEmpleado:0.0.1-SNAPSHOT @ D:\Shared\MyFiles\Actibyti\Empleabilidad\trunk\M2\U8\workspace\EjemploEmpleado\pom.xml.
2017-07-31 19:59:15,295 [Worker-26] INFO  o.e.m.c.i.embedder.EclipseLogger - Using 'UTF-8' encoding to copy filtered resources.
2017-07-31 19:59:15,295 [Worker-26] INFO  o.e.m.c.i.embedder.EclipseLogger - skip non existing resourceDirectory D:\Shared\MyFiles\Actibyti\Empleabilidad\trunk\M2\U8\workspace\EjemploEmpleado\src\main\resources
2017-07-31 19:59:15,297 [Worker-26] INFO  o.e.m.c.i.embedder.EclipseLogger - Using 'UTF-8' encoding to copy filtered resources.
2017-07-31 19:59:15,297 [Worker-26] INFO  o.e.m.c.i.embedder.EclipseLogger - skip non existing resourceDirectory D:\Shared\MyFiles\Actibyti\Empleabilidad\trunk\M2\U8\workspace\EjemploEmpleado\src\test\resources
2017-07-31 19:59:23,140 [Worker-27] INFO  o.e.m.i.launch.MavenLaunchDelegate - D:\Shared\MyFiles\Actibyti\Empleabilidad\trunk\M2\U8\workspace\EjemploEmpleado
2017-07-31 19:59:23,140 [Worker-27] INFO  o.e.m.i.launch.MavenLaunchDelegate -  mvn -B clean install
2017-07-31 19:59:37,840 [Worker-28] INFO  o.e.m.c.i.embedder.EclipseLogger - Using 'UTF-8' encoding to copy filtered resources.
2017-07-31 19:59:37,840 [Worker-28] INFO  o.e.m.c.i.embedder.EclipseLogger - skip non existing resourceDirectory D:\Shared\MyFiles\Actibyti\Empleabilidad\trunk\M2\U8\workspace\EjemploEmpleado\src\main\resources
2017-07-31 19:59:37,841 [Worker-28] INFO  o.e.m.c.i.embedder.EclipseLogger - Using 'UTF-8' encoding to copy filtered resources.
2017-07-31 19:59:37,841 [Worker-28] INFO  o.e.m.c.i.embedder.EclipseLogger - skip non existing resourceDirectory D:\Shared\MyFiles\Actibyti\Empleabilidad\trunk\M2\U8\workspace\EjemploEmpleado\src\test\resources
2017-07-31 19:59:38,856 [Worker-10] INFO  o.e.m.c.i.embedder.EclipseLogger - Using 'UTF-8' encoding to copy filtered resources.
2017-07-31 19:59:38,857 [Worker-10] INFO  o.e.m.c.i.embedder.EclipseLogger - skip non existing resourceDirectory D:\Shared\MyFiles\Actibyti\Empleabilidad\trunk\M2\U8\workspace\EjemploEmpleado\src\main\resources
2017-07-31 19:59:38,858 [Worker-10] INFO  o.e.m.c.i.embedder.EclipseLogger - Using 'UTF-8' encoding to copy filtered resources.
2017-07-31 19:59:38,858 [Worker-10] INFO  o.e.m.c.i.embedder.EclipseLogger - skip non existing resourceDirectory D:\Shared\MyFiles\Actibyti\Empleabilidad\trunk\M2\U8\workspace\EjemploEmpleado\src\test\resources
2017-07-31 20:00:24,295 [Worker-19] INFO  o.e.m.c.i.embedder.EclipseLogger - Using 'UTF-8' encoding to copy filtered resources.
2017-07-31 20:00:24,295 [Worker-19] INFO  o.e.m.c.i.embedder.EclipseLogger - skip non existing resourceDirectory D:\Shared\MyFiles\Actibyti\Empleabilidad\trunk\M2\U8\workspace\EjemploEmpleado\src\main\resources
2017-07-31 20:00:24,297 [Worker-19] INFO  o.e.m.c.i.embedder.EclipseLogger - Using 'UTF-8' encoding to copy filtered resources.
2017-07-31 20:00:24,297 [Worker-19] INFO  o.e.m.c.i.embedder.EclipseLogger - skip non existing resourceDirectory D:\Shared\MyFiles\Actibyti\Empleabilidad\trunk\M2\U8\workspace\EjemploEmpleado\src\test\resources
2017-07-31 20:00:25,357 [Worker-28] INFO  o.e.m.c.i.embedder.EclipseLogger - Using 'UTF-8' encoding to copy filtered resources.
2017-07-31 20:00:25,357 [Worker-28] INFO  o.e.m.c.i.embedder.EclipseLogger - skip non existing resourceDirectory D:\Shared\MyFiles\Actibyti\Empleabilidad\trunk\M2\U8\workspace\EjemploEmpleado\src\main\resources
2017-07-31 20:00:25,361 [Worker-28] INFO  o.e.m.c.i.embedder.EclipseLogger - Using 'UTF-8' encoding to copy filtered resources.
2017-07-31 20:00:25,361 [Worker-28] INFO  o.e.m.c.i.embedder.EclipseLogger - skip non existing resourceDirectory D:\Shared\MyFiles\Actibyti\Empleabilidad\trunk\M2\U8\workspace\EjemploEmpleado\src\test\resources
2017-07-31 20:00:38,635 [Worker-25] INFO  o.e.m.c.i.embedder.EclipseLogger - Using 'UTF-8' encoding to copy filtered resources.
2017-07-31 20:00:38,636 [Worker-25] INFO  o.e.m.c.i.embedder.EclipseLogger - skip non existing resourceDirectory D:\Shared\MyFiles\Actibyti\Empleabilidad\trunk\M2\U8\workspace\EjemploEmpleado\src\main\resources
2017-07-31 20:00:38,638 [Worker-25] INFO  o.e.m.c.i.embedder.EclipseLogger - Using 'UTF-8' encoding to copy filtered resources.
2017-07-31 20:00:38,638 [Worker-25] INFO  o.e.m.c.i.embedder.EclipseLogger - skip non existing resourceDirectory D:\Shared\MyFiles\Actibyti\Empleabilidad\trunk\M2\U8\workspace\EjemploEmpleado\src\test\resources
2017-07-31 20:01:57,948 [Worker-25] INFO  o.e.m.i.launch.MavenLaunchDelegate - D:\Shared\MyFiles\Actibyti\Empleabilidad\trunk\M2\U8\workspace\EjemploEmpleado
2017-07-31 20:01:57,949 [Worker-25] INFO  o.e.m.i.launch.MavenLaunchDelegate -  mvn -B clean build
2017-07-31 20:02:09,028 [Worker-29] INFO  o.e.m.i.launch.MavenLaunchDelegate - D:\Shared\MyFiles\Actibyti\Empleabilidad\trunk\M2\U8\workspace\EjemploEmpleado
2017-07-31 20:02:09,029 [Worker-29] INFO  o.e.m.i.launch.MavenLaunchDelegate -  mvn -B clean install
2017-07-31 20:02:37,174 [Worker-34] INFO  o.e.m.c.i.embedder.EclipseLogger - Using 'UTF-8' encoding to copy filtered resources.
2017-07-31 20:02:37,175 [Worker-34] INFO  o.e.m.c.i.embedder.EclipseLogger - skip non existing resourceDirectory D:\Shared\MyFiles\Actibyti\Empleabilidad\trunk\M2\U8\workspace\EjemploEmpleado\src\main\resources
2017-07-31 20:02:37,176 [Worker-34] INFO  o.e.m.c.i.embedder.EclipseLogger - Using 'UTF-8' encoding to copy filtered resources.
2017-07-31 20:02:37,176 [Worker-34] INFO  o.e.m.c.i.embedder.EclipseLogger - skip non existing resourceDirectory D:\Shared\MyFiles\Actibyti\Empleabilidad\trunk\M2\U8\workspace\EjemploEmpleado\src\test\resources
2017-07-31 20:02:38,206 [Worker-29] INFO  o.e.m.c.i.embedder.EclipseLogger - Using 'UTF-8' encoding to copy filtered resources.
2017-07-31 20:02:38,207 [Worker-29] INFO  o.e.m.c.i.embedder.EclipseLogger - skip non existing resourceDirectory D:\Shared\MyFiles\Actibyti\Empleabilidad\trunk\M2\U8\workspace\EjemploEmpleado\src\main\resources
2017-07-31 20:02:38,210 [Worker-29] INFO  o.e.m.c.i.embedder.EclipseLogger - Using 'UTF-8' encoding to copy filtered resources.
2017-07-31 20:02:38,211 [Worker-29] INFO  o.e.m.c.i.embedder.EclipseLogger - skip non existing resourceDirectory D:\Shared\MyFiles\Actibyti\Empleabilidad\trunk\M2\U8\workspace\EjemploEmpleado\src\test\resources
2017-07-31 20:02:44,106 [Worker-33] INFO  o.e.m.i.launch.MavenLaunchDelegate - D:\Shared\MyFiles\Actibyti\Empleabilidad\trunk\M2\U8\workspace\EjemploEmpleado
2017-07-31 20:02:44,106 [Worker-33] INFO  o.e.m.i.launch.MavenLaunchDelegate -  mvn -B clean install
2017-07-31 20:03:33,560 [Worker-35] INFO  o.e.m.c.i.embedder.EclipseLogger - Using 'UTF-8' encoding to copy filtered resources.
2017-07-31 20:03:33,560 [Worker-35] INFO  o.e.m.c.i.embedder.EclipseLogger - skip non existing resourceDirectory D:\Shared\MyFiles\Actibyti\Empleabilidad\trunk\M2\U8\workspace\EjemploEmpleado\src\main\resources
2017-07-31 20:03:33,562 [Worker-35] INFO  o.e.m.c.i.embedder.EclipseLogger - Using 'UTF-8' encoding to copy filtered resources.
2017-07-31 20:03:33,563 [Worker-35] INFO  o.e.m.c.i.embedder.EclipseLogger - skip non existing resourceDirectory D:\Shared\MyFiles\Actibyti\Empleabilidad\trunk\M2\U8\workspace\EjemploEmpleado\src\test\resources
2017-07-31 20:03:34,579 [Worker-35] INFO  o.e.m.c.i.embedder.EclipseLogger - Using 'UTF-8' encoding to copy filtered resources.
2017-07-31 20:03:34,581 [Worker-35] INFO  o.e.m.c.i.embedder.EclipseLogger - skip non existing resourceDirectory D:\Shared\MyFiles\Actibyti\Empleabilidad\trunk\M2\U8\workspace\EjemploEmpleado\src\main\resources
2017-07-31 20:03:34,584 [Worker-35] INFO  o.e.m.c.i.embedder.EclipseLogger - Using 'UTF-8' encoding to copy filtered resources.
2017-07-31 20:03:34,584 [Worker-35] INFO  o.e.m.c.i.embedder.EclipseLogger - skip non existing resourceDirectory D:\Shared\MyFiles\Actibyti\Empleabilidad\trunk\M2\U8\workspace\EjemploEmpleado\src\test\resources
